<?xml version="1.0" encoding="UTF-8"?>
<!-- Generated by org.testng.reporters.JUnitXMLReporter -->
<testsuite ignored="0" hostname="DESKTOP-CLI6E80" failures="0" tests="13" name="Navigation bar - test" time="0.132" errors="0" timestamp="2021-01-12T16:45:41 IST">
  <testcase classname="Navigation_bar.Navigation_bar" name="@BeforeClass beforeClass" time="0.089">
    <failure type="java.lang.NullPointerException">
      <![CDATA[java.lang.NullPointerException
at java.base/java.util.Objects.requireNonNull(Objects.java:222)
at org.openqa.selenium.interactions.Actions.<init>(Actions.java:65)
at Navigation_bar.Navigation_bar.beforeClass(Navigation_bar.java:34)
at java.base/java.util.ArrayList.forEach(ArrayList.java:1511)
... Removed 25 stack frames]]>
    </failure>
  </testcase> <!-- @BeforeClass beforeClass -->
  <testcase classname="Navigation_bar.Navigation_bar" name="@BeforeMethod BeforeMethod" time="-1.610462741564E9">
    <skipped/>
  </testcase> <!-- @BeforeMethod BeforeMethod -->
  <testcase classname="Navigation_bar.Navigation_bar" name="@BeforeMethod BeforeMethod" time="-1.610462741568E9">
    <skipped/>
  </testcase> <!-- @BeforeMethod BeforeMethod -->
  <testcase classname="Navigation_bar.Navigation_bar" name="@BeforeMethod BeforeMethod" time="-1.610462741571E9">
    <skipped/>
  </testcase> <!-- @BeforeMethod BeforeMethod -->
  <testcase classname="Navigation_bar.Navigation_bar" name="@BeforeMethod BeforeMethod" time="-1.610462741573E9">
    <skipped/>
  </testcase> <!-- @BeforeMethod BeforeMethod -->
  <testcase classname="Navigation_bar.Navigation_bar" name="@BeforeMethod BeforeMethod" time="-1.610462741575E9">
    <skipped/>
  </testcase> <!-- @BeforeMethod BeforeMethod -->
  <testcase classname="Navigation_bar.Navigation_bar" name="@BeforeMethod BeforeMethod" time="-1.610462741577E9">
    <skipped/>
  </testcase> <!-- @BeforeMethod BeforeMethod -->
  <testcase classname="Navigation_bar.Navigation_bar" name="@BeforeMethod BeforeMethod" time="-1.610462741578E9">
    <skipped/>
  </testcase> <!-- @BeforeMethod BeforeMethod -->
  <testcase classname="Navigation_bar.Navigation_bar" name="@BeforeMethod BeforeMethod" time="-1.61046274158E9">
    <skipped/>
  </testcase> <!-- @BeforeMethod BeforeMethod -->
  <testcase classname="Navigation_bar.Navigation_bar" name="@BeforeMethod BeforeMethod" time="-1.610462741581E9">
    <skipped/>
  </testcase> <!-- @BeforeMethod BeforeMethod -->
  <testcase classname="Navigation_bar.Navigation_bar" name="@BeforeMethod BeforeMethod" time="-1.610462741583E9">
    <skipped/>
  </testcase> <!-- @BeforeMethod BeforeMethod -->
  <testcase classname="Navigation_bar.Navigation_bar" name="@BeforeMethod BeforeMethod" time="-1.610462741584E9">
    <skipped/>
  </testcase> <!-- @BeforeMethod BeforeMethod -->
  <testcase classname="Navigation_bar.Navigation_bar" name="@BeforeMethod BeforeMethod" time="-1.610462741586E9">
    <skipped/>
  </testcase> <!-- @BeforeMethod BeforeMethod -->
  <testcase classname="Navigation_bar.Navigation_bar" name="@BeforeMethod BeforeMethod" time="-1.610462741587E9">
    <skipped/>
  </testcase> <!-- @BeforeMethod BeforeMethod -->
  <testcase classname="Navigation_bar.Navigation_bar" name="@AfterClass afterClass" time="-1.610462741589E9">
    <skipped/>
  </testcase> <!-- @AfterClass afterClass -->
  <testcase classname="Navigation_bar.Navigation_bar" name="sales" time="0.0">
    <skipped/>
  </testcase> <!-- sales -->
  <testcase classname="Navigation_bar.Navigation_bar" name="mCategorys" time="0.0">
    <skipped/>
  </testcase> <!-- mCategorys -->
  <testcase classname="Navigation_bar.Navigation_bar" name="books_subCategory" time="0.0">
    <skipped/>
  </testcase> <!-- books_subCategory -->
  <testcase classname="Navigation_bar.Navigation_bar" name="English_Books_subCategory" time="0.0">
    <skipped/>
  </testcase> <!-- English_Books_subCategory -->
  <testcase classname="Navigation_bar.Navigation_bar" name="games_subCategory" time="0.0">
    <skipped/>
  </testcase> <!-- games_subCategory -->
  <testcase classname="Navigation_bar.Navigation_bar" name="Gifts_and_leisure_subCategory" time="0.0">
    <skipped/>
  </testcase> <!-- Gifts_and_leisure_subCategory -->
  <testcase classname="Navigation_bar.Navigation_bar" name="music_subCategory" time="0.0">
    <skipped/>
  </testcase> <!-- music_subCategory -->
  <testcase classname="Navigation_bar.Navigation_bar" name="Appliances_subCategory" time="0.0">
    <skipped/>
  </testcase> <!-- Appliances_subCategory -->
  <testcase classname="Navigation_bar.Navigation_bar" name="Smartphones_subCategory" time="0.0">
    <skipped/>
  </testcase> <!-- Smartphones_subCategory -->
  <testcase classname="Navigation_bar.Navigation_bar" name="Cosmetics_and_perfumes_subCategory" time="0.0">
    <skipped/>
  </testcase> <!-- Cosmetics_and_perfumes_subCategory -->
  <testcase classname="Navigation_bar.Navigation_bar" name="HOME_subCategory" time="0.0">
    <skipped/>
  </testcase> <!-- HOME_subCategory -->
  <testcase classname="Navigation_bar.Navigation_bar" name="camping_subCategory" time="0.0">
    <skipped/>
  </testcase> <!-- camping_subCategory -->
  <testcase classname="Navigation_bar.Navigation_bar" name="Costumers_club_subCategory" time="0.0">
    <skipped/>
  </testcase> <!-- Costumers_club_subCategory -->
</testsuite> <!-- Navigation bar - test -->
