<?xml version="1.0" encoding="UTF-8"?>
<!-- Generated by org.testng.reporters.JUnitXMLReporter -->
<testsuite ignored="0" hostname="DESKTOP-CLI6E80" failures="0" tests="14" name="steimatzky test" time="393.557" errors="0" timestamp="2021-01-06T11:31:21 IST">
  <testcase classname="Navigation_bar.Navigation_bar" name="sales" time="2.966"/>
  <testcase classname="Navigation_bar.Navigation_bar" name="mCategorys" time="17.794"/>
  <testcase classname="Navigation_bar.Navigation_bar" name="club" time="0.821"/>
  <testcase classname="Navigation_bar.Navigation_bar" name="books_subCategory" time="282.375"/>
  <testcase classname="Navigation_bar.Navigation_bar" name="English_Books_subCategory" time="9.225"/>
  <testcase classname="Navigation_bar.Navigation_bar" name="games_subCategory" time="1.432"/>
  <testcase classname="Navigation_bar.Navigation_bar" name="Gifts_and_leisure_subCategory" time="8.666"/>
  <testcase classname="Navigation_bar.Navigation_bar" name="music_subCategory" time="9.453"/>
  <testcase classname="Navigation_bar.Navigation_bar" name="Appliances_subCategory" time="4.879"/>
  <testcase classname="Navigation_bar.Navigation_bar" name="Smartphones_subCategory" time="2.077"/>
  <testcase classname="Navigation_bar.Navigation_bar" name="Cosmetics_and_perfumes_subCategory" time="3.508"/>
  <testcase classname="Navigation_bar.Navigation_bar" name="HOME_subCategory" time="6.096"/>
  <testcase classname="Navigation_bar.Navigation_bar" name="camping_subCategory" time="2.166"/>
  <testcase classname="Navigation_bar.Navigation_bar" name="Costumers_club_subCategory" time="4.774"/>
</testsuite> <!-- steimatzky test -->
