<?xml version="1.0" encoding="UTF-8"?>
<!-- Generated by org.testng.reporters.JUnitXMLReporter -->
<testsuite ignored="0" hostname="DESKTOP-CLI6E80" failures="0" tests="14" name="steimatzky test" time="395.801" errors="0" timestamp="2021-01-06T10:59:27 IST">
  <testcase classname="Navigation_bar.Navigation_bar" name="sales" time="3.111"/>
  <testcase classname="Navigation_bar.Navigation_bar" name="mCategorys" time="15.424"/>
  <testcase classname="Navigation_bar.Navigation_bar" name="club" time="0.823"/>
  <testcase classname="Navigation_bar.Navigation_bar" name="books_subCategory" time="286.858"/>
  <testcase classname="Navigation_bar.Navigation_bar" name="English_Books_subCategory" time="9.691"/>
  <testcase classname="Navigation_bar.Navigation_bar" name="games_subCategory" time="1.431"/>
  <testcase classname="Navigation_bar.Navigation_bar" name="Gifts_and_leisure_subCategory" time="9.19"/>
  <testcase classname="Navigation_bar.Navigation_bar" name="music_subCategory" time="8.669"/>
  <testcase classname="Navigation_bar.Navigation_bar" name="Appliances_subCategory" time="4.285"/>
  <testcase classname="Navigation_bar.Navigation_bar" name="Smartphones_subCategory" time="2.097"/>
  <testcase classname="Navigation_bar.Navigation_bar" name="Cosmetics_and_perfumes_subCategory" time="3.918"/>
  <testcase classname="Navigation_bar.Navigation_bar" name="HOME_subCategory" time="5.844"/>
  <testcase classname="Navigation_bar.Navigation_bar" name="camping_subCategory" time="2.214"/>
  <testcase classname="Navigation_bar.Navigation_bar" name="Costumers_club_subCategory" time="4.837"/>
</testsuite> <!-- steimatzky test -->
