<?xml version="1.0" encoding="UTF-8"?>
<!-- Generated by org.testng.reporters.JUnitXMLReporter -->
<testsuite ignored="0" hostname="DESKTOP-CLI6E80" failures="0" tests="9" name="Default test" time="24.322" errors="0" timestamp="2021-01-30T15:49:52 IST">
  <testcase classname="Pages.my_account" name="login" time="4.552"/>
  <testcase classname="Pages.my_account" name="Account_Control_Panel" time="0.754"/>
  <testcase classname="Pages.my_account" name="Account_Detailes" time="3.515"/>
  <testcase classname="Pages.my_account" name="address_book" time="0.751"/>
  <testcase classname="Pages.my_account" name="my_orders" time="0.746"/>
  <testcase classname="Pages.my_account" name="clube" time="2.821"/>
  <testcase classname="Pages.my_account" name="cart" time="0.101"/>
  <testcase classname="Pages.my_account" name="window_cart" time="3.601"/>
  <testcase classname="Pages.my_account" name="steimatzky_prime" time="1.67"/>
</testsuite> <!-- Default test -->
