<?xml version="1.0" encoding="UTF-8"?>
<!-- Generated by org.testng.reporters.JUnitXMLReporter -->
<testsuite ignored="2" hostname="DESKTOP-CLI6E80" failures="0" tests="3" name="Default test" time="85.801" errors="0" timestamp="2021-01-15T22:36:52 IST">
  <testcase classname="Pages.homepage" name="login_user" time="4.525"/>
  <testcase classname="Pages.homepage" name="Navigation_bar" time="4.392"/>
  <testcase classname="Pages.homepage" name="footer" time="67.222"/>
  <testcase classname="Pages.homepage" name="SearchProduct" time="0.0">
    <ignored/>
  </testcase> <!-- SearchProduct -->
  <testcase classname="Pages.homepage" name="Search" time="0.0">
    <ignored/>
  </testcase> <!-- Search -->
</testsuite> <!-- Default test -->
