<?xml version="1.0" encoding="UTF-8"?>
<!-- Generated by org.testng.reporters.JUnitXMLReporter -->
<testsuite ignored="0" hostname="DESKTOP-CLI6E80" failures="0" tests="3" name="Default test" time="555.186" errors="0" timestamp="2021-01-12T21:00:17 IST">
  <testcase classname="Pages.homepage" name="login_user" time="4.486"/>
  <testcase classname="Pages.homepage" name="Navigation_bar" time="163.675"/>
  <testcase classname="Pages.homepage" name="SearchProduct" time="377.196"/>
</testsuite> <!-- Default test -->
