<?xml version="1.0" encoding="UTF-8"?>
<!-- Generated by org.testng.reporters.JUnitXMLReporter -->
<testsuite ignored="9" hostname="DESKTOP-CLI6E80" failures="0" tests="7" name="Default test" time="23.134" errors="0" timestamp="2021-02-01T10:54:32 IST">
  <testcase classname="Pages.my_account" name="login" time="4.541"/>
  <testcase classname="Pages.my_account" name="Account_Control_Panel" time="0.798"/>
  <testcase classname="Pages.my_account" name="Account_Details" time="3.661"/>
  <testcase classname="Pages.my_account" name="Address_book" time="1.858"/>
  <testcase classname="Pages.my_account" name="addAddress" time="2.757"/>
  <testcase classname="Pages.my_account" name="added_address" time="1.042"/>
  <testcase classname="Pages.my_account" name="remove_addresses_additional" time="2.178"/>
  <testcase classname="Pages.my_account" name="Popup_cart" time="0.0">
    <ignored/>
  </testcase> <!-- Popup_cart -->
  <testcase classname="Pages.my_account" name="My_orders" time="0.0">
    <ignored/>
  </testcase> <!-- My_orders -->
  <testcase classname="Pages.my_account" name="Steimatzky_prime" time="0.0">
    <ignored/>
  </testcase> <!-- Steimatzky_prime -->
  <testcase classname="Pages.my_account" name="Cart" time="0.0">
    <ignored/>
  </testcase> <!-- Cart -->
  <testcase classname="Pages.my_account" name="SearchProduct" time="0.0">
    <ignored/>
  </testcase> <!-- SearchProduct -->
  <testcase classname="Pages.my_account" name="Search" time="0.0">
    <ignored/>
  </testcase> <!-- Search -->
  <testcase classname="Pages.my_account" name="Club" time="0.0">
    <ignored/>
  </testcase> <!-- Club -->
  <testcase classname="Pages.my_account" name="Navigation_bar" time="0.0">
    <ignored/>
  </testcase> <!-- Navigation_bar -->
  <testcase classname="Pages.my_account" name="Footer" time="0.0">
    <ignored/>
  </testcase> <!-- Footer -->
</testsuite> <!-- Default test -->
