<?xml version="1.0" encoding="UTF-8"?>
<!-- Generated by org.testng.reporters.JUnitXMLReporter -->
<testsuite ignored="0" hostname="DESKTOP-CLI6E80" failures="0" tests="13" name="Default test" time="396.266" errors="0" timestamp="2021-01-08T13:35:39 IST">
  <testcase classname="Navigation_bar.Test_links" name="sales" time="3.173"/>
  <testcase classname="Navigation_bar.Test_links" name="mCategorys" time="19.303"/>
  <testcase classname="Navigation_bar.Test_links" name="books_subCategory" time="310.514"/>
  <testcase classname="Navigation_bar.Test_links" name="English_Books_subCategory" time="9.618"/>
  <testcase classname="Navigation_bar.Test_links" name="games_subCategory" time="1.448"/>
  <testcase classname="Navigation_bar.Test_links" name="Gifts_and_leisure_subCategory" time="7.978"/>
  <testcase classname="Navigation_bar.Test_links" name="music_subCategory" time="10.169"/>
  <testcase classname="Navigation_bar.Test_links" name="Appliances_subCategory" time="4.554"/>
  <testcase classname="Navigation_bar.Test_links" name="Smartphones_subCategory" time="2.503"/>
  <testcase classname="Navigation_bar.Test_links" name="Cosmetics_and_perfumes_subCategory" time="3.389"/>
  <testcase classname="Navigation_bar.Test_links" name="HOME_subCategory" time="6.304"/>
  <testcase classname="Navigation_bar.Test_links" name="camping_subCategory" time="2.608"/>
  <testcase classname="Navigation_bar.Test_links" name="Costumers_club_subCategory" time="5.146"/>
</testsuite> <!-- Default test -->
