<?xml version="1.0" encoding="UTF-8"?>
<!-- Generated by org.testng.reporters.JUnitXMLReporter -->
<testsuite ignored="4" hostname="DESKTOP-CLI6E80" failures="0" tests="1" name="Default test" time="17.1" errors="0" timestamp="2021-01-07T14:30:28 IST">
  <testcase classname="search.text_search" name="Boundary" time="11.301"/>
  <testcase classname="search.text_search" name="Negative" time="0.0">
    <ignored/>
  </testcase> <!-- Negative -->
  <testcase classname="search.text_search" name="EauthorTitle" time="0.0">
    <ignored/>
  </testcase> <!-- EauthorTitle -->
  <testcase classname="search.text_search" name="key_word" time="0.0">
    <ignored/>
  </testcase> <!-- key_word -->
  <testcase classname="search.text_search" name="authorTitle" time="0.0">
    <ignored/>
  </testcase> <!-- authorTitle -->
</testsuite> <!-- Default test -->
