<?xml version="1.0" encoding="UTF-8"?>
<!-- Generated by org.testng.reporters.JUnitXMLReporter -->
<testsuite ignored="12" hostname="DESKTOP-CLI6E80" failures="0" tests="2" name="Default test" time="18.333" errors="0" timestamp="2021-01-11T10:14:36 IST">
  <testcase classname="Navigation_bar.Test_links" name="Login" time="4.516"/>
  <testcase classname="Navigation_bar.Test_links" name="Costumers_club_subCategory" time="4.717"/>
  <testcase classname="Navigation_bar.Test_links" name="books_subCategory" time="0.0">
    <ignored/>
  </testcase> <!-- books_subCategory -->
  <testcase classname="Navigation_bar.Test_links" name="sales" time="0.0">
    <ignored/>
  </testcase> <!-- sales -->
  <testcase classname="Navigation_bar.Test_links" name="Cosmetics_and_perfumes_subCategory" time="0.0">
    <ignored/>
  </testcase> <!-- Cosmetics_and_perfumes_subCategory -->
  <testcase classname="Navigation_bar.Test_links" name="music_subCategory" time="0.0">
    <ignored/>
  </testcase> <!-- music_subCategory -->
  <testcase classname="Navigation_bar.Test_links" name="games_subCategory" time="0.0">
    <ignored/>
  </testcase> <!-- games_subCategory -->
  <testcase classname="Navigation_bar.Test_links" name="Gifts_and_leisure_subCategory" time="0.0">
    <ignored/>
  </testcase> <!-- Gifts_and_leisure_subCategory -->
  <testcase classname="Navigation_bar.Test_links" name="camping_subCategory" time="0.0">
    <ignored/>
  </testcase> <!-- camping_subCategory -->
  <testcase classname="Navigation_bar.Test_links" name="mCategorys" time="0.0">
    <ignored/>
  </testcase> <!-- mCategorys -->
  <testcase classname="Navigation_bar.Test_links" name="English_Books_subCategory" time="0.0">
    <ignored/>
  </testcase> <!-- English_Books_subCategory -->
  <testcase classname="Navigation_bar.Test_links" name="Appliances_subCategory" time="0.0">
    <ignored/>
  </testcase> <!-- Appliances_subCategory -->
  <testcase classname="Navigation_bar.Test_links" name="HOME_subCategory" time="0.0">
    <ignored/>
  </testcase> <!-- HOME_subCategory -->
  <testcase classname="Navigation_bar.Test_links" name="Smartphones_subCategory" time="0.0">
    <ignored/>
  </testcase> <!-- Smartphones_subCategory -->
</testsuite> <!-- Default test -->
