<?xml version="1.0" encoding="UTF-8"?>
<!-- Generated by org.testng.reporters.JUnitXMLReporter -->
<testsuite ignored="0" hostname="DESKTOP-CLI6E80" failures="0" tests="5" name="Default test" time="0.034" errors="0" timestamp="2021-01-16T11:43:17 IST">
  <testcase classname="Pages.homepage" name="@BeforeClass BeforeClass" time="0.004">
    <failure type="java.lang.NoSuchMethodError" message="&amp;apos;com.aventstack.extentreports.ExtentReports Tools.Extent_reports.GetExtent(java.lang.String)&amp;apos;">
      <![CDATA[java.lang.NoSuchMethodError: 'com.aventstack.extentreports.ExtentReports Tools.Extent_reports.GetExtent(java.lang.String)'
at Pages.homepage.BeforeClass(homepage.java:33)
at java.base/jdk.internal.reflect.NativeMethodAccessorImpl.invoke0(Native Method)
at java.base/jdk.internal.reflect.NativeMethodAccessorImpl.invoke(NativeMethodAccessorImpl.java:62)
at java.base/jdk.internal.reflect.DelegatingMethodAccessorImpl.invoke(DelegatingMethodAccessorImpl.java:43)
at java.base/java.lang.reflect.Method.invoke(Method.java:564)
at org.testng.internal.MethodInvocationHelper.invokeMethod(MethodInvocationHelper.java:132)
at org.testng.internal.MethodInvocationHelper.invokeMethodConsideringTimeout(MethodInvocationHelper.java:61)
at org.testng.internal.ConfigInvoker.invokeConfigurationMethod(ConfigInvoker.java:366)
at org.testng.internal.ConfigInvoker.invokeConfigurations(ConfigInvoker.java:320)
at org.testng.internal.TestMethodWorker.invokeBeforeClassMethods(TestMethodWorker.java:176)
at org.testng.internal.TestMethodWorker.run(TestMethodWorker.java:122)
at java.base/java.util.ArrayList.forEach(ArrayList.java:1511)
at org.testng.TestRunner.privateRun(TestRunner.java:764)
at org.testng.TestRunner.run(TestRunner.java:585)
at org.testng.SuiteRunner.runTest(SuiteRunner.java:384)
at org.testng.SuiteRunner.runSequentially(SuiteRunner.java:378)
at org.testng.SuiteRunner.privateRun(SuiteRunner.java:337)
at org.testng.SuiteRunner.run(SuiteRunner.java:286)
at org.testng.SuiteRunnerWorker.runSuite(SuiteRunnerWorker.java:53)
at org.testng.SuiteRunnerWorker.run(SuiteRunnerWorker.java:96)
at org.testng.TestNG.runSuitesSequentially(TestNG.java:1218)
at org.testng.TestNG.runSuitesLocally(TestNG.java:1140)
at org.testng.TestNG.runSuites(TestNG.java:1069)
at org.testng.TestNG.run(TestNG.java:1037)
at org.testng.remote.AbstractRemoteTestNG.run(AbstractRemoteTestNG.java:115)
at org.testng.remote.RemoteTestNG.initAndRun(RemoteTestNG.java:251)
at org.testng.remote.RemoteTestNG.main(RemoteTestNG.java:77)
]]>
    </failure>
  </testcase> <!-- @BeforeClass BeforeClass -->
  <testcase classname="Pages.homepage" name="@BeforeMethod BeforeMethod" time="-1.610790197392E9">
    <skipped/>
  </testcase> <!-- @BeforeMethod BeforeMethod -->
  <testcase classname="Pages.homepage" name="@BeforeMethod BeforeMethod" time="-1.610790197398E9">
    <skipped/>
  </testcase> <!-- @BeforeMethod BeforeMethod -->
  <testcase classname="Pages.homepage" name="@BeforeMethod BeforeMethod" time="-1.6107901974E9">
    <skipped/>
  </testcase> <!-- @BeforeMethod BeforeMethod -->
  <testcase classname="Pages.homepage" name="@AfterClass AfterClass" time="-1.610790197404E9">
    <skipped/>
  </testcase> <!-- @AfterClass AfterClass -->
  <testcase classname="Pages.homepage" name="login_user" time="0.0">
    <skipped/>
  </testcase> <!-- login_user -->
  <testcase classname="Pages.homepage" name="Navigation_bar" time="0.0">
    <skipped/>
  </testcase> <!-- Navigation_bar -->
  <testcase classname="Pages.homepage" name="SearchProduct" time="0.0">
    <skipped/>
  </testcase> <!-- SearchProduct -->
  <testcase classname="Pages.homepage" name="Search" time="0.0">
    <skipped/>
  </testcase> <!-- Search -->
  <testcase classname="Pages.homepage" name="footer" time="0.0">
    <skipped/>
  </testcase> <!-- footer -->
</testsuite> <!-- Default test -->
