<?xml version="1.0" encoding="UTF-8"?>
<!-- Generated by org.testng.reporters.JUnitXMLReporter -->
<testsuite ignored="1" hostname="DESKTOP-CLI6E80" failures="0" tests="7" name="Default test" time="36.477" errors="0" timestamp="2021-01-20T22:01:35 IST">
  <testcase classname="Login_Registration.Login" name="Correct_Login" time="4.531"/>
  <testcase classname="Login_Registration.Login" name="logout" time="1.356"/>
  <testcase classname="Login_Registration.Login" name="Empty_text_fields" time="2.431"/>
  <testcase classname="Login_Registration.Login" name="worng_email" time="8.825"/>
  <testcase classname="Login_Registration.Login" name="worng_email_num" time="2.151"/>
  <testcase classname="Login_Registration.Login" name="worng_pass" time="8.665"/>
  <testcase classname="Login_Registration.Login" name="worng_pass_num" time="2.248"/>
  <testcase classname="Login_Registration.Login" name="Unregister_email" time="0.0">
    <ignored/>
  </testcase> <!-- Unregister_email -->
</testsuite> <!-- Default test -->
