<?xml version="1.0" encoding="UTF-8"?>
<!-- Generated by org.testng.reporters.JUnitXMLReporter -->
<testsuite ignored="3" hostname="DESKTOP-CLI6E80" failures="0" tests="2" name="Default test" time="188.024" errors="0" timestamp="2021-01-16T16:54:44 IST">
  <testcase classname="Pages.homepage" name="login_user" time="4.49"/>
  <testcase classname="Pages.homepage" name="Navigation_bar" time="173.243"/>
  <testcase classname="Pages.homepage" name="SearchProduct" time="0.0">
    <ignored/>
  </testcase> <!-- SearchProduct -->
  <testcase classname="Pages.homepage" name="Search" time="0.0">
    <ignored/>
  </testcase> <!-- Search -->
  <testcase classname="Pages.homepage" name="footer" time="0.0">
    <ignored/>
  </testcase> <!-- footer -->
</testsuite> <!-- Default test -->
