<?xml version="1.0" encoding="UTF-8"?>
<!-- Generated by org.testng.reporters.JUnitXMLReporter -->
<testsuite ignored="0" hostname="DESKTOP-CLI6E80" failures="0" tests="13" name="Default test" time="0.13" errors="0" timestamp="2021-01-12T16:50:19 IST">
  <testcase classname="Navigation_bar.Navigation_bar" name="@BeforeClass beforeClass" time="0.087">
    <failure type="java.lang.NullPointerException">
      <![CDATA[java.lang.NullPointerException
at java.base/java.util.Objects.requireNonNull(Objects.java:222)
at org.openqa.selenium.interactions.Actions.<init>(Actions.java:65)
at Navigation_bar.Navigation_bar.beforeClass(Navigation_bar.java:32)
at java.base/jdk.internal.reflect.NativeMethodAccessorImpl.invoke0(Native Method)
at java.base/jdk.internal.reflect.NativeMethodAccessorImpl.invoke(NativeMethodAccessorImpl.java:62)
at java.base/jdk.internal.reflect.DelegatingMethodAccessorImpl.invoke(DelegatingMethodAccessorImpl.java:43)
at java.base/java.lang.reflect.Method.invoke(Method.java:564)
at org.testng.internal.MethodInvocationHelper.invokeMethod(MethodInvocationHelper.java:132)
at org.testng.internal.MethodInvocationHelper.invokeMethodConsideringTimeout(MethodInvocationHelper.java:61)
at org.testng.internal.ConfigInvoker.invokeConfigurationMethod(ConfigInvoker.java:366)
at org.testng.internal.ConfigInvoker.invokeConfigurations(ConfigInvoker.java:320)
at org.testng.internal.TestMethodWorker.invokeBeforeClassMethods(TestMethodWorker.java:176)
at org.testng.internal.TestMethodWorker.run(TestMethodWorker.java:122)
at java.base/java.util.ArrayList.forEach(ArrayList.java:1511)
at org.testng.TestRunner.privateRun(TestRunner.java:764)
at org.testng.TestRunner.run(TestRunner.java:585)
at org.testng.SuiteRunner.runTest(SuiteRunner.java:384)
at org.testng.SuiteRunner.runSequentially(SuiteRunner.java:378)
at org.testng.SuiteRunner.privateRun(SuiteRunner.java:337)
at org.testng.SuiteRunner.run(SuiteRunner.java:286)
at org.testng.SuiteRunnerWorker.runSuite(SuiteRunnerWorker.java:53)
at org.testng.SuiteRunnerWorker.run(SuiteRunnerWorker.java:96)
at org.testng.TestNG.runSuitesSequentially(TestNG.java:1218)
at org.testng.TestNG.runSuitesLocally(TestNG.java:1140)
at org.testng.TestNG.runSuites(TestNG.java:1069)
at org.testng.TestNG.run(TestNG.java:1037)
at org.testng.remote.AbstractRemoteTestNG.run(AbstractRemoteTestNG.java:115)
at org.testng.remote.RemoteTestNG.initAndRun(RemoteTestNG.java:251)
at org.testng.remote.RemoteTestNG.main(RemoteTestNG.java:77)
]]>
    </failure>
  </testcase> <!-- @BeforeClass beforeClass -->
  <testcase classname="Navigation_bar.Navigation_bar" name="@BeforeMethod BeforeMethod" time="-1.610463019832E9">
    <skipped/>
  </testcase> <!-- @BeforeMethod BeforeMethod -->
  <testcase classname="Navigation_bar.Navigation_bar" name="@BeforeMethod BeforeMethod" time="-1.610463019836E9">
    <skipped/>
  </testcase> <!-- @BeforeMethod BeforeMethod -->
  <testcase classname="Navigation_bar.Navigation_bar" name="@BeforeMethod BeforeMethod" time="-1.610463019839E9">
    <skipped/>
  </testcase> <!-- @BeforeMethod BeforeMethod -->
  <testcase classname="Navigation_bar.Navigation_bar" name="@BeforeMethod BeforeMethod" time="-1.610463019841E9">
    <skipped/>
  </testcase> <!-- @BeforeMethod BeforeMethod -->
  <testcase classname="Navigation_bar.Navigation_bar" name="@BeforeMethod BeforeMethod" time="-1.610463019843E9">
    <skipped/>
  </testcase> <!-- @BeforeMethod BeforeMethod -->
  <testcase classname="Navigation_bar.Navigation_bar" name="@BeforeMethod BeforeMethod" time="-1.610463019845E9">
    <skipped/>
  </testcase> <!-- @BeforeMethod BeforeMethod -->
  <testcase classname="Navigation_bar.Navigation_bar" name="@BeforeMethod BeforeMethod" time="-1.610463019847E9">
    <skipped/>
  </testcase> <!-- @BeforeMethod BeforeMethod -->
  <testcase classname="Navigation_bar.Navigation_bar" name="@BeforeMethod BeforeMethod" time="-1.610463019848E9">
    <skipped/>
  </testcase> <!-- @BeforeMethod BeforeMethod -->
  <testcase classname="Navigation_bar.Navigation_bar" name="@BeforeMethod BeforeMethod" time="-1.61046301985E9">
    <skipped/>
  </testcase> <!-- @BeforeMethod BeforeMethod -->
  <testcase classname="Navigation_bar.Navigation_bar" name="@BeforeMethod BeforeMethod" time="-1.610463019851E9">
    <skipped/>
  </testcase> <!-- @BeforeMethod BeforeMethod -->
  <testcase classname="Navigation_bar.Navigation_bar" name="@BeforeMethod BeforeMethod" time="-1.610463019853E9">
    <skipped/>
  </testcase> <!-- @BeforeMethod BeforeMethod -->
  <testcase classname="Navigation_bar.Navigation_bar" name="@BeforeMethod BeforeMethod" time="-1.610463019854E9">
    <skipped/>
  </testcase> <!-- @BeforeMethod BeforeMethod -->
  <testcase classname="Navigation_bar.Navigation_bar" name="@BeforeMethod BeforeMethod" time="-1.610463019855E9">
    <skipped/>
  </testcase> <!-- @BeforeMethod BeforeMethod -->
  <testcase classname="Navigation_bar.Navigation_bar" name="@AfterClass afterClass" time="-1.610463019857E9">
    <skipped/>
  </testcase> <!-- @AfterClass afterClass -->
  <testcase classname="Navigation_bar.Navigation_bar" name="sales" time="0.0">
    <skipped/>
  </testcase> <!-- sales -->
  <testcase classname="Navigation_bar.Navigation_bar" name="mCategorys" time="0.0">
    <skipped/>
  </testcase> <!-- mCategorys -->
  <testcase classname="Navigation_bar.Navigation_bar" name="books_subCategory" time="0.0">
    <skipped/>
  </testcase> <!-- books_subCategory -->
  <testcase classname="Navigation_bar.Navigation_bar" name="English_Books_subCategory" time="0.0">
    <skipped/>
  </testcase> <!-- English_Books_subCategory -->
  <testcase classname="Navigation_bar.Navigation_bar" name="games_subCategory" time="0.0">
    <skipped/>
  </testcase> <!-- games_subCategory -->
  <testcase classname="Navigation_bar.Navigation_bar" name="Gifts_and_leisure_subCategory" time="0.0">
    <skipped/>
  </testcase> <!-- Gifts_and_leisure_subCategory -->
  <testcase classname="Navigation_bar.Navigation_bar" name="music_subCategory" time="0.0">
    <skipped/>
  </testcase> <!-- music_subCategory -->
  <testcase classname="Navigation_bar.Navigation_bar" name="Appliances_subCategory" time="0.0">
    <skipped/>
  </testcase> <!-- Appliances_subCategory -->
  <testcase classname="Navigation_bar.Navigation_bar" name="Smartphones_subCategory" time="0.0">
    <skipped/>
  </testcase> <!-- Smartphones_subCategory -->
  <testcase classname="Navigation_bar.Navigation_bar" name="Cosmetics_and_perfumes_subCategory" time="0.0">
    <skipped/>
  </testcase> <!-- Cosmetics_and_perfumes_subCategory -->
  <testcase classname="Navigation_bar.Navigation_bar" name="HOME_subCategory" time="0.0">
    <skipped/>
  </testcase> <!-- HOME_subCategory -->
  <testcase classname="Navigation_bar.Navigation_bar" name="camping_subCategory" time="0.0">
    <skipped/>
  </testcase> <!-- camping_subCategory -->
  <testcase classname="Navigation_bar.Navigation_bar" name="Costumers_club_subCategory" time="0.0">
    <skipped/>
  </testcase> <!-- Costumers_club_subCategory -->
</testsuite> <!-- Default test -->
