<?xml version="1.0" encoding="UTF-8"?>
<!-- Generated by org.testng.reporters.JUnitXMLReporter -->
<testsuite ignored="1" hostname="DESKTOP-CLI6E80" failures="0" tests="2" name="Default test" time="90.652" errors="0" timestamp="2021-01-12T21:27:41 IST">
  <testcase classname="Pages.homepage" name="login_user" time="4.466"/>
  <testcase classname="Pages.homepage" name="Navigation_bar" time="77.415"/>
  <testcase classname="Pages.homepage" name="SearchProduct" time="0.0">
    <ignored/>
  </testcase> <!-- SearchProduct -->
</testsuite> <!-- Default test -->
