<?xml version="1.0" encoding="UTF-8"?>
<!-- Generated by org.testng.reporters.JUnitXMLReporter -->
<testsuite ignored="0" hostname="DESKTOP-CLI6E80" failures="0" tests="5" name="Default test" time="33.612" errors="0" timestamp="2021-01-20T12:28:26 IST">
  <testcase classname="Login_Registration.Login" name="Correct_Login" time="4.53"/>
  <testcase classname="Login_Registration.Login" name="logout" time="2.537"/>
  <testcase classname="Login_Registration.Login" name="Empty_text_fields" time="2.434"/>
  <testcase classname="Login_Registration.Login" name="worng_email" time="8.847"/>
  <testcase classname="Login_Registration.Login" name="worng_pass" time="8.65"/>
</testsuite> <!-- Default test -->
