<?xml version="1.0" encoding="UTF-8"?>
<!-- Generated by org.testng.reporters.JUnitXMLReporter -->
<testsuite ignored="0" hostname="DESKTOP-CLI6E80" failures="0" tests="5" name="Default test" time="43.168" errors="0" timestamp="2021-01-12T16:56:15 IST">
  <testcase classname="Footer.Footer_link_test" name="About" time="8.106"/>
  <testcase classname="Footer.Footer_link_test" name="Useful_information" time="9.125"/>
  <testcase classname="Footer.Footer_link_test" name="Login" time="4.437"/>
  <testcase classname="Footer.Footer_link_test" name="Information_for_buyers_on_the_site" time="6.264"/>
  <testcase classname="Footer.Footer_link_test" name="facebook" time="5.765"/>
</testsuite> <!-- Default test -->
