<?xml version="1.0" encoding="UTF-8"?>
<!-- Generated by org.testng.reporters.JUnitXMLReporter -->
<testsuite ignored="0" hostname="DESKTOP-CLI6E80" failures="0" tests="5" name="Default test" time="16.776" errors="0" timestamp="2021-01-29T13:52:50 IST">
  <testcase classname="Pages.my_account" name="login" time="4.531"/>
  <testcase classname="Pages.my_account" name="Account_Control_Panel" time="1.027"/>
  <testcase classname="Pages.my_account" name="Account_Detailes" time="3.896"/>
  <testcase classname="Pages.my_account" name="address_book" time="2.797"/>
  <testcase classname="Pages.my_account" name="my_orders" time="0.0"/>
</testsuite> <!-- Default test -->
