<?xml version="1.0" encoding="UTF-8"?>
<!-- Generated by org.testng.reporters.JUnitXMLReporter -->
<testsuite ignored="0" hostname="DESKTOP-CLI6E80" failures="0" tests="8" name="Default test" time="216.996" errors="0" timestamp="2021-01-10T16:06:33 IST">
  <testcase classname="search.search" name="space" time="2.536"/>
  <testcase classname="search.search" name="key_word" time="22.364"/>
  <testcase classname="search.search" name="authorTitle" time="37.762"/>
  <testcase classname="search.search" name="EauthorTitle" time="24.441"/>
  <testcase classname="search.search" name="Negative" time="17.279"/>
  <testcase classname="search.search" name="Boundary" time="11.099"/>
  <testcase classname="search.search" name="Num" time="2.124"/>
  <testcase classname="search.search" name="clean_search_field" time="93.305"/>
</testsuite> <!-- Default test -->
