<?xml version="1.0" encoding="UTF-8"?>
<!-- Generated by org.testng.reporters.JUnitXMLReporter -->
<testsuite ignored="0" hostname="DESKTOP-CLI6E80" failures="0" tests="8" name="Default test" time="221.455" errors="0" timestamp="2021-01-10T11:19:18 IST">
  <testcase classname="search.search" name="space" time="3.011"/>
  <testcase classname="search.search" name="key_word" time="34.196"/>
  <testcase classname="search.search" name="authorTitle" time="36.0"/>
  <testcase classname="search.search" name="EauthorTitle" time="22.617"/>
  <testcase classname="search.search" name="Negative" time="17.173"/>
  <testcase classname="search.search" name="Boundary" time="10.541"/>
  <testcase classname="search.search" name="Num" time="1.879"/>
  <testcase classname="search.search" name="clean_search_field" time="89.051"/>
</testsuite> <!-- Default test -->
