<?xml version="1.0" encoding="UTF-8"?>
<!-- Generated by org.testng.reporters.JUnitXMLReporter -->
<testsuite ignored="7" hostname="DESKTOP-CLI6E80" failures="0" tests="1" name="Default test" time="95.256" errors="0" timestamp="2021-01-08T10:38:17 IST">
  <testcase classname="search.text_search" name="books" time="89.575"/>
  <testcase classname="search.text_search" name="Num" time="0.0">
    <ignored/>
  </testcase> <!-- Num -->
  <testcase classname="search.text_search" name="Negative" time="0.0">
    <ignored/>
  </testcase> <!-- Negative -->
  <testcase classname="search.text_search" name="EauthorTitle" time="0.0">
    <ignored/>
  </testcase> <!-- EauthorTitle -->
  <testcase classname="search.text_search" name="key_word" time="0.0">
    <ignored/>
  </testcase> <!-- key_word -->
  <testcase classname="search.text_search" name="authorTitle" time="0.0">
    <ignored/>
  </testcase> <!-- authorTitle -->
  <testcase classname="search.text_search" name="Boundary" time="0.0">
    <ignored/>
  </testcase> <!-- Boundary -->
  <testcase classname="search.text_search" name="space" time="0.0">
    <ignored/>
  </testcase> <!-- space -->
</testsuite> <!-- Default test -->
