<?xml version="1.0" encoding="UTF-8"?>
<!-- Generated by org.testng.reporters.JUnitXMLReporter -->
<testsuite ignored="0" hostname="DESKTOP-CLI6E80" failures="0" tests="5" name="Default test" time="39.225" errors="0" timestamp="2021-01-11T15:18:52 IST">
  <testcase classname="Footer.link_test" name="About" time="7.101"/>
  <testcase classname="Footer.link_test" name="Useful_information" time="8.109"/>
  <testcase classname="Footer.link_test" name="Login" time="4.447"/>
  <testcase classname="Footer.link_test" name="Information_for_buyers_on_the_site" time="5.515"/>
  <testcase classname="Footer.link_test" name="facebook" time="4.254"/>
</testsuite> <!-- Default test -->
