<?xml version="1.0" encoding="UTF-8"?>
<!-- Generated by org.testng.reporters.JUnitXMLReporter -->
<testsuite ignored="0" hostname="DESKTOP-CLI6E80" failures="0" tests="3" name="Default test" time="18.056" errors="0" timestamp="2021-01-19T13:44:32 IST">
  <testcase classname="Login_Registration.Login" name="Correct_Login" time="4.621"/>
  <testcase classname="Login_Registration.Login" name="logout" time="1.239"/>
  <testcase classname="Login_Registration.Login" name="Empty_text_fields" time="2.442"/>
</testsuite> <!-- Default test -->
