<?xml version="1.0" encoding="UTF-8"?>
<!-- Generated by org.testng.reporters.JUnitXMLReporter -->
<testsuite ignored="1" hostname="DESKTOP-CLI6E80" failures="0" tests="1" name="Default test" time="13.754" errors="0" timestamp="2021-01-19T12:08:21 IST">
  <testcase classname="Login_Registration.Login" name="login_standard" time="4.64"/>
  <testcase classname="Login_Registration.Login" name="logout" time="0.0">
    <ignored/>
  </testcase> <!-- logout -->
</testsuite> <!-- Default test -->
