<?xml version="1.0" encoding="UTF-8"?>
<!-- Generated by org.testng.reporters.JUnitXMLReporter -->
<testsuite ignored="0" hostname="DESKTOP-CLI6E80" failures="0" tests="14" name="Default test" time="190.762" errors="0" timestamp="2021-01-11T13:35:21 IST">
  <testcase classname="Navigation_bar.Test_links" name="Sales" time="3.284"/>
  <testcase classname="Navigation_bar.Test_links" name="mCategorys" time="18.894"/>
  <testcase classname="Navigation_bar.Test_links" name="Books_subCategory" time="92.691"/>
  <testcase classname="Navigation_bar.Test_links" name="English_Books_subCategory" time="9.746"/>
  <testcase classname="Navigation_bar.Test_links" name="Games_subCategory" time="1.546"/>
  <testcase classname="Navigation_bar.Test_links" name="Gifts_and_leisure_subCategory" time="8.59"/>
  <testcase classname="Navigation_bar.Test_links" name="Music_subCategory" time="10.252"/>
  <testcase classname="Navigation_bar.Test_links" name="Appliances_subCategory" time="4.929"/>
  <testcase classname="Navigation_bar.Test_links" name="Smartphones_subCategory" time="2.876"/>
  <testcase classname="Navigation_bar.Test_links" name="Cosmetics_and_perfumes_subCategory" time="7.547"/>
  <testcase classname="Navigation_bar.Test_links" name="HOME_subCategory" time="8.307"/>
  <testcase classname="Navigation_bar.Test_links" name="Camping_subCategory" time="3.211"/>
  <testcase classname="Navigation_bar.Test_links" name="Login" time="4.436"/>
  <testcase classname="Navigation_bar.Test_links" name="Costumers_club_subCategory" time="4.862"/>
</testsuite> <!-- Default test -->
