<?xml version="1.0" encoding="UTF-8"?>
<!-- Generated by org.testng.reporters.JUnitXMLReporter -->
<testsuite ignored="7" hostname="DESKTOP-CLI6E80" failures="0" tests="1" name="Default test" time="45.172" errors="0" timestamp="2021-01-11T09:07:01 IST">
  <testcase classname="search.search" name="authorTitle" time="38.671"/>
  <testcase classname="search.search" name="Num" time="0.0">
    <ignored/>
  </testcase> <!-- Num -->
  <testcase classname="search.search" name="Negative" time="0.0">
    <ignored/>
  </testcase> <!-- Negative -->
  <testcase classname="search.search" name="Boundary" time="0.0">
    <ignored/>
  </testcase> <!-- Boundary -->
  <testcase classname="search.search" name="space" time="0.0">
    <ignored/>
  </testcase> <!-- space -->
  <testcase classname="search.search" name="clean_search_field" time="0.0">
    <ignored/>
  </testcase> <!-- clean_search_field -->
  <testcase classname="search.search" name="EauthorTitle" time="0.0">
    <ignored/>
  </testcase> <!-- EauthorTitle -->
  <testcase classname="search.search" name="key_word" time="0.0">
    <ignored/>
  </testcase> <!-- key_word -->
</testsuite> <!-- Default test -->
