<?xml version="1.0" encoding="UTF-8"?>
<!-- Generated by org.testng.reporters.JUnitXMLReporter -->
<testsuite ignored="0" hostname="DESKTOP-CLI6E80" failures="0" tests="8" name="Default test" time="23.732" errors="0" timestamp="2021-01-30T11:42:39 IST">
  <testcase classname="Pages.my_account" name="login" time="4.573"/>
  <testcase classname="Pages.my_account" name="Account_Control_Panel" time="0.971"/>
  <testcase classname="Pages.my_account" name="Account_Detailes" time="3.948"/>
  <testcase classname="Pages.my_account" name="address_book" time="0.778"/>
  <testcase classname="Pages.my_account" name="my_orders" time="0.851"/>
  <testcase classname="Pages.my_account" name="clube" time="3.179"/>
  <testcase classname="Pages.my_account" name="cart" time="0.101"/>
  <testcase classname="Pages.my_account" name="window_cart" time="3.707"/>
</testsuite> <!-- Default test -->
