<?xml version="1.0" encoding="UTF-8"?>
<!-- Generated by org.testng.reporters.JUnitXMLReporter -->
<testsuite ignored="4" hostname="DESKTOP-CLI6E80" failures="0" tests="9" name="Default test" time="24.556" errors="0" timestamp="2021-01-31T13:41:29 IST">
  <testcase classname="Pages.my_account" name="login" time="4.632"/>
  <testcase classname="Pages.my_account" name="Account_Control_Panel" time="0.995"/>
  <testcase classname="Pages.my_account" name="Account_Details" time="3.63"/>
  <testcase classname="Pages.my_account" name="Address_book" time="0.856"/>
  <testcase classname="Pages.my_account" name="My_orders" time="0.788"/>
  <testcase classname="Pages.my_account" name="Club" time="3.045"/>
  <testcase classname="Pages.my_account" name="Cart" time="0.227"/>
  <testcase classname="Pages.my_account" name="Popup_cart" time="3.254"/>
  <testcase classname="Pages.my_account" name="Steimatzky_prime" time="1.776"/>
  <testcase classname="Pages.my_account" name="footer" time="0.0">
    <ignored/>
  </testcase> <!-- footer -->
  <testcase classname="Pages.my_account" name="SearchProduct" time="0.0">
    <ignored/>
  </testcase> <!-- SearchProduct -->
  <testcase classname="Pages.my_account" name="Search" time="0.0">
    <ignored/>
  </testcase> <!-- Search -->
  <testcase classname="Pages.my_account" name="Navigation_bar" time="0.0">
    <ignored/>
  </testcase> <!-- Navigation_bar -->
</testsuite> <!-- Default test -->
