<?xml version="1.0" encoding="UTF-8"?>
<!-- Generated by org.testng.reporters.JUnitXMLReporter -->
<testsuite ignored="3" hostname="DESKTOP-CLI6E80" failures="0" tests="1" name="Default test" time="100.09" errors="0" timestamp="2021-01-12T22:47:38 IST">
  <testcase classname="Pages.homepage" name="Search" time="90.572"/>
  <testcase classname="Pages.homepage" name="SearchProduct" time="0.0">
    <ignored/>
  </testcase> <!-- SearchProduct -->
  <testcase classname="Pages.homepage" name="login_user" time="0.0">
    <ignored/>
  </testcase> <!-- login_user -->
  <testcase classname="Pages.homepage" name="Navigation_bar" time="0.0">
    <ignored/>
  </testcase> <!-- Navigation_bar -->
</testsuite> <!-- Default test -->
