<?xml version="1.0" encoding="UTF-8"?>
<!-- Generated by org.testng.reporters.JUnitXMLReporter -->
<testsuite ignored="4" hostname="DESKTOP-CLI6E80" failures="0" tests="1" name="Default test" time="87.271" errors="0" timestamp="2021-01-15T13:20:20 IST">
  <testcase classname="Pages.homepage" name="Navigation_bar" time="77.662"/>
  <testcase classname="Pages.homepage" name="SearchProduct" time="0.0">
    <ignored/>
  </testcase> <!-- SearchProduct -->
  <testcase classname="Pages.homepage" name="Search" time="0.0">
    <ignored/>
  </testcase> <!-- Search -->
  <testcase classname="Pages.homepage" name="login_user" time="0.0">
    <ignored/>
  </testcase> <!-- login_user -->
  <testcase classname="Pages.homepage" name="footer" time="0.0">
    <ignored/>
  </testcase> <!-- footer -->
</testsuite> <!-- Default test -->
