<?xml version="1.0" encoding="UTF-8"?>
<!-- Generated by org.testng.reporters.JUnitXMLReporter -->
<testsuite ignored="2" hostname="DESKTOP-CLI6E80" failures="0" tests="11" name="Default test" time="69.431" errors="0" timestamp="2021-01-12T15:40:43 IST">
  <testcase classname="Navigation_bar.Test_links" name="sales" time="3.218"/>
  <testcase classname="Navigation_bar.Test_links" name="English_Books_subCategory" time="10.311"/>
  <testcase classname="Navigation_bar.Test_links" name="games_subCategory" time="1.649"/>
  <testcase classname="Navigation_bar.Test_links" name="Gifts_and_leisure_subCategory" time="9.245"/>
  <testcase classname="Navigation_bar.Test_links" name="music_subCategory" time="10.086"/>
  <testcase classname="Navigation_bar.Test_links" name="Appliances_subCategory" time="5.08"/>
  <testcase classname="Navigation_bar.Test_links" name="Smartphones_subCategory" time="2.497"/>
  <testcase classname="Navigation_bar.Test_links" name="Cosmetics_and_perfumes_subCategory" time="3.924"/>
  <testcase classname="Navigation_bar.Test_links" name="HOME_subCategory" time="6.373"/>
  <testcase classname="Navigation_bar.Test_links" name="camping_subCategory" time="2.196"/>
  <testcase classname="Navigation_bar.Test_links" name="Costumers_club_subCategory" time="5.803"/>
  <testcase classname="Navigation_bar.Test_links" name="books_subCategory" time="0.0">
    <ignored/>
  </testcase> <!-- books_subCategory -->
  <testcase classname="Navigation_bar.Test_links" name="mCategorys" time="0.0">
    <ignored/>
  </testcase> <!-- mCategorys -->
</testsuite> <!-- Default test -->
