<?xml version="1.0" encoding="UTF-8"?>
<!-- Generated by org.testng.reporters.JUnitXMLReporter -->
<testsuite ignored="4" hostname="DESKTOP-CLI6E80" failures="0" tests="2" name="Default test" time="20.374" errors="0" timestamp="2021-01-17T16:10:52 IST">
  <testcase classname="Pages.homepage" name="login_user" time="4.493"/>
  <testcase classname="Pages.homepage" name="callPoppup" time="7.14"/>
  <testcase classname="Pages.homepage" name="SearchProduct" time="0.0">
    <ignored/>
  </testcase> <!-- SearchProduct -->
  <testcase classname="Pages.homepage" name="Search" time="0.0">
    <ignored/>
  </testcase> <!-- Search -->
  <testcase classname="Pages.homepage" name="Navigation_bar" time="0.0">
    <ignored/>
  </testcase> <!-- Navigation_bar -->
  <testcase classname="Pages.homepage" name="footer" time="0.0">
    <ignored/>
  </testcase> <!-- footer -->
</testsuite> <!-- Default test -->
