<?xml version="1.0" encoding="UTF-8"?>
<!-- Generated by org.testng.reporters.JUnitXMLReporter -->
<testsuite ignored="1" hostname="DESKTOP-CLI6E80" failures="0" tests="7" name="Default test" time="37.23" errors="0" timestamp="2021-01-20T19:29:25 IST">
  <testcase classname="Login_Registration.Login" name="Correct_Login" time="5.068"/>
  <testcase classname="Login_Registration.Login" name="logout" time="1.203"/>
  <testcase classname="Login_Registration.Login" name="Empty_text_fields" time="2.432"/>
  <testcase classname="Login_Registration.Login" name="worng_email" time="8.856"/>
  <testcase classname="Login_Registration.Login" name="worng_email_num" time="2.15"/>
  <testcase classname="Login_Registration.Login" name="worng_pass" time="8.668"/>
  <testcase classname="Login_Registration.Login" name="worng_pass_num" time="2.304"/>
  <testcase classname="Login_Registration.Login" name="Unregister_email" time="0.0">
    <ignored/>
  </testcase> <!-- Unregister_email -->
</testsuite> <!-- Default test -->
