<?xml version="1.0" encoding="UTF-8"?>
<!-- Generated by org.testng.reporters.JUnitXMLReporter -->
<testsuite ignored="15" hostname="DESKTOP-CLI6E80" failures="0" tests="2" name="Default test" time="14.977" errors="0" timestamp="2021-03-11T22:49:09 IST">
  <testcase classname="Pages.my_account" name="login" time="4.815"/>
  <testcase classname="Pages.my_account" name="Account_Control_Panel" time="1.302"/>
  <testcase classname="Pages.my_account" name="addAddress" time="0.0">
    <ignored/>
  </testcase> <!-- addAddress -->
  <testcase classname="Pages.my_account" name="added_address" time="0.0">
    <ignored/>
  </testcase> <!-- added_address -->
  <testcase classname="Pages.my_account" name="My_orders" time="0.0">
    <ignored/>
  </testcase> <!-- My_orders -->
  <testcase classname="Pages.my_account" name="remove_addresses_additional" time="0.0">
    <ignored/>
  </testcase> <!-- remove_addresses_additional -->
  <testcase classname="Pages.my_account" name="SearchProduct" time="0.0">
    <ignored/>
  </testcase> <!-- SearchProduct -->
  <testcase classname="Pages.my_account" name="Footer" time="0.0">
    <ignored/>
  </testcase> <!-- Footer -->
  <testcase classname="Pages.my_account" name="Popup_cart" time="0.0">
    <ignored/>
  </testcase> <!-- Popup_cart -->
  <testcase classname="Pages.my_account" name="removeProduct" time="0.0">
    <ignored/>
  </testcase> <!-- removeProduct -->
  <testcase classname="Pages.my_account" name="Steimatzky_prime" time="0.0">
    <ignored/>
  </testcase> <!-- Steimatzky_prime -->
  <testcase classname="Pages.my_account" name="Cart" time="0.0">
    <ignored/>
  </testcase> <!-- Cart -->
  <testcase classname="Pages.my_account" name="Address_book" time="0.0">
    <ignored/>
  </testcase> <!-- Address_book -->
  <testcase classname="Pages.my_account" name="Account_Details" time="0.0">
    <ignored/>
  </testcase> <!-- Account_Details -->
  <testcase classname="Pages.my_account" name="Search" time="0.0">
    <ignored/>
  </testcase> <!-- Search -->
  <testcase classname="Pages.my_account" name="Club" time="0.0">
    <ignored/>
  </testcase> <!-- Club -->
  <testcase classname="Pages.my_account" name="Navigation_bar" time="0.0">
    <ignored/>
  </testcase> <!-- Navigation_bar -->
</testsuite> <!-- Default test -->
