<?xml version="1.0" encoding="UTF-8"?>
<!-- Generated by org.testng.reporters.JUnitXMLReporter -->
<testsuite ignored="0" hostname="DESKTOP-CLI6E80" failures="0" tests="8" name="Product_search" time="498.428" errors="0" timestamp="2021-01-06T10:01:47 IST">
  <testcase classname="search.search" name="books" time="223.42"/>
  <testcase classname="search.search" name="English_Books" time="45.13"/>
  <testcase classname="search.search" name="Games_toys_and_puzzles" time="26.065"/>
  <testcase classname="search.search" name="Gifts_and_leisure" time="52.734"/>
  <testcase classname="search.search" name="music" time="26.357"/>
  <testcase classname="search.search" name="Appliances_and_smartphones" time="46.149"/>
  <testcase classname="search.search" name="Cosmetics_and_perfumes" time="23.004"/>
  <testcase classname="search.search" name="Home_and_camping" time="46.263"/>
</testsuite> <!-- Product_search -->
