<?xml version="1.0" encoding="UTF-8"?>
<!-- Generated by org.testng.reporters.JUnitXMLReporter -->
<testsuite ignored="0" hostname="DESKTOP-CLI6E80" failures="0" tests="8" name="Product_search" time="492.017" errors="0" timestamp="2021-01-06T11:44:13 IST">
  <testcase classname="search.search" name="books" time="225.102"/>
  <testcase classname="search.search" name="English_Books" time="45.029"/>
  <testcase classname="search.search" name="Games_toys_and_puzzles" time="22.609"/>
  <testcase classname="search.search" name="Gifts_and_leisure" time="53.474"/>
  <testcase classname="search.search" name="music" time="26.956"/>
  <testcase classname="search.search" name="Appliances_and_smartphones" time="41.514"/>
  <testcase classname="search.search" name="Cosmetics_and_perfumes" time="22.833"/>
  <testcase classname="search.search" name="Home_and_camping" time="45.025"/>
</testsuite> <!-- Product_search -->
