<?xml version="1.0" encoding="UTF-8"?>
<!-- Generated by org.testng.reporters.JUnitXMLReporter -->
<testsuite ignored="0" hostname="DESKTOP-CLI6E80" failures="0" tests="21" name="steimatzky - test" time="550.208" errors="0" timestamp="2021-01-08T14:04:03 IST">
  <testcase classname="Navigation_bar.Test_links" name="sales" time="3.146"/>
  <testcase classname="Navigation_bar.Test_links" name="mCategorys" time="19.37"/>
  <testcase classname="Navigation_bar.Test_links" name="books_subCategory" time="92.874"/>
  <testcase classname="Navigation_bar.Test_links" name="English_Books_subCategory" time="9.614"/>
  <testcase classname="Navigation_bar.Test_links" name="games_subCategory" time="1.751"/>
  <testcase classname="Navigation_bar.Test_links" name="Gifts_and_leisure_subCategory" time="8.567"/>
  <testcase classname="Navigation_bar.Test_links" name="music_subCategory" time="9.087"/>
  <testcase classname="Navigation_bar.Test_links" name="Appliances_subCategory" time="4.918"/>
  <testcase classname="Navigation_bar.Test_links" name="Smartphones_subCategory" time="2.119"/>
  <testcase classname="Navigation_bar.Test_links" name="Cosmetics_and_perfumes_subCategory" time="3.922"/>
  <testcase classname="Navigation_bar.Test_links" name="HOME_subCategory" time="7.917"/>
  <testcase classname="Navigation_bar.Test_links" name="camping_subCategory" time="2.235"/>
  <testcase classname="Navigation_bar.Test_links" name="Costumers_club_subCategory" time="5.739"/>
  <testcase classname="search.search_product" name="books" time="168.499"/>
  <testcase classname="search.search_product" name="English_Books" time="34.239"/>
  <testcase classname="search.search_product" name="Games_toys_and_puzzles" time="16.911"/>
  <testcase classname="search.search_product" name="Gifts_and_leisure" time="39.215"/>
  <testcase classname="search.search_product" name="music" time="19.813"/>
  <testcase classname="search.search_product" name="Appliances_and_smartphones" time="31.627"/>
  <testcase classname="search.search_product" name="Cosmetics_and_perfumes" time="16.683"/>
  <testcase classname="search.search_product" name="Home_and_camping" time="33.902"/>
</testsuite> <!-- steimatzky - test -->
