<?xml version="1.0" encoding="UTF-8"?>
<!-- Generated by org.testng.reporters.JUnitXMLReporter -->
<testsuite ignored="11" hostname="DESKTOP-CLI6E80" failures="0" tests="2" name="steimatzky - my account" time="12.533" errors="0" timestamp="2021-01-31T10:52:48 IST">
  <testcase classname="Pages.my_account" name="login" time="4.531"/>
  <testcase classname="Pages.my_account" name="Account_Control_Panel" time="0.853"/>
  <testcase classname="Pages.my_account" name="Popup_cart" time="0.0">
    <ignored/>
  </testcase> <!-- Popup_cart -->
  <testcase classname="Pages.my_account" name="footer" time="0.0">
    <ignored/>
  </testcase> <!-- footer -->
  <testcase classname="Pages.my_account" name="My_orders" time="0.0">
    <ignored/>
  </testcase> <!-- My_orders -->
  <testcase classname="Pages.my_account" name="Steimatzky_prime" time="0.0">
    <ignored/>
  </testcase> <!-- Steimatzky_prime -->
  <testcase classname="Pages.my_account" name="Cart" time="0.0">
    <ignored/>
  </testcase> <!-- Cart -->
  <testcase classname="Pages.my_account" name="Address_book" time="0.0">
    <ignored/>
  </testcase> <!-- Address_book -->
  <testcase classname="Pages.my_account" name="SearchProduct" time="0.0">
    <ignored/>
  </testcase> <!-- SearchProduct -->
  <testcase classname="Pages.my_account" name="Account_Details" time="0.0">
    <ignored/>
  </testcase> <!-- Account_Details -->
  <testcase classname="Pages.my_account" name="Search" time="0.0">
    <ignored/>
  </testcase> <!-- Search -->
  <testcase classname="Pages.my_account" name="Club" time="0.0">
    <ignored/>
  </testcase> <!-- Club -->
  <testcase classname="Pages.my_account" name="Navigation_bar" time="0.0">
    <ignored/>
  </testcase> <!-- Navigation_bar -->
</testsuite> <!-- steimatzky - my account -->
