<?xml version="1.0" encoding="UTF-8"?>
<!-- Generated by org.testng.reporters.JUnitXMLReporter -->
<testsuite ignored="0" hostname="DESKTOP-CLI6E80" failures="0" tests="5" name="steimatzky - test" time="136.075" errors="0" timestamp="2021-01-07T14:35:09 IST">
  <testcase classname="search.text_search" name="Boundary" time="12.023"/>
  <testcase classname="search.text_search" name="EauthorTitle" time="23.743"/>
  <testcase classname="search.text_search" name="Negative" time="17.745"/>
  <testcase classname="search.text_search" name="authorTitle" time="41.574"/>
  <testcase classname="search.text_search" name="key_word" time="34.225"/>
</testsuite> <!-- steimatzky - test -->
