<?xml version="1.0" encoding="UTF-8"?>
<!-- Generated by org.testng.reporters.JUnitXMLReporter -->
<testsuite ignored="4" hostname="DESKTOP-CLI6E80" failures="0" tests="12" name="steimatzky - my account" time="37.378" errors="0" timestamp="2021-02-02T14:04:37 IST">
  <testcase classname="Pages.my_account" name="login" time="4.584"/>
  <testcase classname="Pages.my_account" name="Account_Control_Panel" time="0.941"/>
  <testcase classname="Pages.my_account" name="Account_Details" time="3.545"/>
  <testcase classname="Pages.my_account" name="Address_book" time="1.87"/>
  <testcase classname="Pages.my_account" name="addAddress" time="2.821"/>
  <testcase classname="Pages.my_account" name="added_address" time="1.041"/>
  <testcase classname="Pages.my_account" name="remove_addresses_additional" time="2.028"/>
  <testcase classname="Pages.my_account" name="My_orders" time="0.805"/>
  <testcase classname="Pages.my_account" name="Club" time="3.235"/>
  <testcase classname="Pages.my_account" name="Cart" time="5.02"/>
  <testcase classname="Pages.my_account" name="Popup_cart" time="4.034"/>
  <testcase classname="Pages.my_account" name="Steimatzky_prime" time="1.786"/>
  <testcase classname="Pages.my_account" name="SearchProduct" time="0.0">
    <ignored/>
  </testcase> <!-- SearchProduct -->
  <testcase classname="Pages.my_account" name="Search" time="0.0">
    <ignored/>
  </testcase> <!-- Search -->
  <testcase classname="Pages.my_account" name="Navigation_bar" time="0.0">
    <ignored/>
  </testcase> <!-- Navigation_bar -->
  <testcase classname="Pages.my_account" name="Footer" time="0.0">
    <ignored/>
  </testcase> <!-- Footer -->
</testsuite> <!-- steimatzky - my account -->
