<?xml version="1.0" encoding="UTF-8"?>
<!-- Generated by org.testng.reporters.JUnitXMLReporter -->
<testsuite ignored="0" hostname="DESKTOP-CLI6E80" failures="0" tests="6" name="steimatzky - homepage" time="927.668" errors="0" timestamp="2021-01-24T16:25:25 IST">
  <testcase classname="Pages.homepage" name="login_user" time="4.548"/>
  <testcase classname="Pages.homepage" name="callPoppup" time="8.679"/>
  <testcase classname="Pages.homepage" name="Navigation_bar" time="192.878"/>
  <testcase classname="Pages.homepage" name="SearchProduct" time="389.15"/>
  <testcase classname="Pages.homepage" name="Search" time="263.139"/>
  <testcase classname="Pages.homepage" name="footer" time="62.53"/>
</testsuite> <!-- steimatzky - homepage -->
