<?xml version="1.0" encoding="UTF-8"?>
<!-- Generated by org.testng.reporters.JUnitXMLReporter -->
<testsuite ignored="1" hostname="DESKTOP-CLI6E80" failures="0" tests="7" name="steimatzky - login test" time="39.325" errors="0" timestamp="2021-01-20T20:58:58 IST">
  <testcase classname="Login_Registration.Login" name="Correct_Login" time="6.326"/>
  <testcase classname="Login_Registration.Login" name="logout" time="1.333"/>
  <testcase classname="Login_Registration.Login" name="Empty_text_fields" time="2.471"/>
  <testcase classname="Login_Registration.Login" name="worng_email" time="8.848"/>
  <testcase classname="Login_Registration.Login" name="worng_email_num" time="2.14"/>
  <testcase classname="Login_Registration.Login" name="worng_pass" time="8.667"/>
  <testcase classname="Login_Registration.Login" name="worng_pass_num" time="2.308"/>
  <testcase classname="Login_Registration.Login" name="Unregister_email" time="0.0">
    <ignored/>
  </testcase> <!-- Unregister_email -->
</testsuite> <!-- steimatzky - login test -->
