<?xml version="1.0" encoding="UTF-8"?>
<!-- Generated by org.testng.reporters.JUnitXMLReporter -->
<testsuite ignored="0" hostname="DESKTOP-CLI6E80" failures="0" tests="3" name="steimatzky - login test" time="20.451" errors="0" timestamp="2021-01-19T15:23:59 IST">
  <testcase classname="Login_Registration.Login" name="Correct_Login" time="5.406"/>
  <testcase classname="Login_Registration.Login" name="logout" time="1.334"/>
  <testcase classname="Login_Registration.Login" name="Empty_text_fields" time="2.508"/>
</testsuite> <!-- steimatzky - login test -->
