<?xml version="1.0" encoding="UTF-8"?>
<!-- Generated by org.testng.reporters.JUnitXMLReporter -->
<testsuite ignored="0" hostname="DESKTOP-CLI6E80" failures="0" tests="6" name="steimatzky - homepage" time="794.831" errors="0" timestamp="2021-01-21T11:49:18 IST">
  <testcase classname="Pages.homepage" name="login_user" time="4.539"/>
  <testcase classname="Pages.homepage" name="callPoppup" time="8.015"/>
  <testcase classname="Pages.homepage" name="Navigation_bar" time="152.822"/>
  <testcase classname="Pages.homepage" name="SearchProduct" time="348.202"/>
  <testcase classname="Pages.homepage" name="Search" time="213.417"/>
  <testcase classname="Pages.homepage" name="footer" time="61.636"/>
</testsuite> <!-- steimatzky - homepage -->
