<?xml version="1.0" encoding="UTF-8"?>
<testng-results ignored="0" total="5" passed="5" failed="0" skipped="0">
  <reporter-output>
  </reporter-output>
  <suite started-at="2021-01-13T15:21:18 IST" name="steimatzky" finished-at="2021-01-13T15:35:33 IST" duration-ms="854381">
    <groups>
    </groups>
    <test started-at="2021-01-13T15:21:18 IST" name="steimatzky - homepage" finished-at="2021-01-13T15:35:33 IST" duration-ms="854381">
      <class name="Pages.homepage">
        <test-method is-config="true" signature="BeforeClass()[pri:0, instance:Pages.homepage@24fcf36f]" started-at="2021-01-13T15:21:18 IST" name="BeforeClass" finished-at="2021-01-13T15:21:27 IST" duration-ms="8808" status="PASS">
          <reporter-output>
          </reporter-output>
        </test-method> <!-- BeforeClass -->
        <test-method is-config="true" signature="BeforeMethod()[pri:0, instance:Pages.homepage@24fcf36f]" started-at="2021-01-13T15:21:27 IST" name="BeforeMethod" finished-at="2021-01-13T15:21:27 IST" duration-ms="21" status="PASS">
          <reporter-output>
          </reporter-output>
        </test-method> <!-- BeforeMethod -->
        <test-method signature="login_user()[pri:1, instance:Pages.homepage@24fcf36f]" started-at="2021-01-13T15:21:27 IST" name="login_user" finished-at="2021-01-13T15:21:32 IST" duration-ms="4486" status="PASS">
          <reporter-output>
          </reporter-output>
        </test-method> <!-- login_user -->
        <test-method is-config="true" signature="BeforeMethod()[pri:0, instance:Pages.homepage@24fcf36f]" started-at="2021-01-13T15:21:32 IST" name="BeforeMethod" finished-at="2021-01-13T15:21:32 IST" duration-ms="4" status="PASS">
          <reporter-output>
          </reporter-output>
        </test-method> <!-- BeforeMethod -->
        <test-method signature="Search()[pri:2, instance:Pages.homepage@24fcf36f]" started-at="2021-01-13T15:21:32 IST" name="Search" finished-at="2021-01-13T15:25:05 IST" duration-ms="212947" status="PASS">
          <reporter-output>
          </reporter-output>
        </test-method> <!-- Search -->
        <test-method is-config="true" signature="BeforeMethod()[pri:0, instance:Pages.homepage@24fcf36f]" started-at="2021-01-13T15:25:05 IST" name="BeforeMethod" finished-at="2021-01-13T15:25:05 IST" duration-ms="3" status="PASS">
          <reporter-output>
          </reporter-output>
        </test-method> <!-- BeforeMethod -->
        <test-method signature="SearchProduct()[pri:3, instance:Pages.homepage@24fcf36f]" started-at="2021-01-13T15:25:05 IST" name="SearchProduct" finished-at="2021-01-13T15:31:21 IST" duration-ms="376222" status="PASS">
          <reporter-output>
          </reporter-output>
        </test-method> <!-- SearchProduct -->
        <test-method is-config="true" signature="BeforeMethod()[pri:0, instance:Pages.homepage@24fcf36f]" started-at="2021-01-13T15:31:21 IST" name="BeforeMethod" finished-at="2021-01-13T15:31:21 IST" duration-ms="3" status="PASS">
          <reporter-output>
          </reporter-output>
        </test-method> <!-- BeforeMethod -->
        <test-method signature="Navigation_bar()[pri:4, instance:Pages.homepage@24fcf36f]" started-at="2021-01-13T15:31:21 IST" name="Navigation_bar" finished-at="2021-01-13T15:34:24 IST" duration-ms="183151" status="PASS">
          <reporter-output>
          </reporter-output>
        </test-method> <!-- Navigation_bar -->
        <test-method is-config="true" signature="BeforeMethod()[pri:0, instance:Pages.homepage@24fcf36f]" started-at="2021-01-13T15:34:24 IST" name="BeforeMethod" finished-at="2021-01-13T15:34:24 IST" duration-ms="2" status="PASS">
          <reporter-output>
          </reporter-output>
        </test-method> <!-- BeforeMethod -->
        <test-method signature="footer()[pri:5, instance:Pages.homepage@24fcf36f]" started-at="2021-01-13T15:34:24 IST" name="footer" finished-at="2021-01-13T15:35:31 IST" duration-ms="67435" status="PASS">
          <reporter-output>
          </reporter-output>
        </test-method> <!-- footer -->
        <test-method is-config="true" signature="AfterClass()[pri:0, instance:Pages.homepage@24fcf36f]" started-at="2021-01-13T15:35:31 IST" name="AfterClass" finished-at="2021-01-13T15:35:33 IST" duration-ms="1279" status="PASS">
          <reporter-output>
          </reporter-output>
        </test-method> <!-- AfterClass -->
      </class> <!-- Pages.homepage -->
    </test> <!-- steimatzky - homepage -->
  </suite> <!-- steimatzky -->
</testng-results>
